#
# A fatal error has been detected by the Java Runtime Environment:
#
#  EXCEPTION_ACCESS_VIOLATION (0xc0000005) at pc=0x00000000519c83c0, pid=1028, tid=0x0000000000001884
#
# JRE version: Java(TM) SE Runtime Environment (8.0_241-b07) (build 1.8.0_241-b07)
# Java VM: Java HotSpot(TM) 64-Bit Server VM (25.241-b07 mixed mode windows-amd64 compressed oops)
# Problematic frame:
# V  [jvm.dll+0x4383c0]
#
# Failed to write core dump. Minidumps are not enabled by default on client versions of Windows
#
# If you would like to submit a bug report, please visit:
#   http://bugreport.java.com/bugreport/crash.jsp
#

---------------  T H R E A D  ---------------

Current thread (0x0000000019c54000):  JavaThread "C1 CompilerThread2" daemon [_thread_in_native, id=6276, stack(0x000000001b4b0000,0x000000001b5b0000)]

siginfo: ExceptionCode=0xc0000005, reading address 0xffffffffffffffff

Registers:
RAX=0x000000001b5ca170, RBX=0x7f0000001b5bd420, RCX=0x0000000000000001, RDX=0x000000000000001d
RSP=0x000000001b5aeb70, RBP=0x000000001b5aec70, RSI=0x0000000000000001, RDI=0x00000000002c501b
R8 =0x0000000000000000, R9 =0x000000000000001d, R10=0x000000001b5c96d0, R11=0x000000001b5c82b0
R12=0x0000000000000005, R13=0x000000001b5ca110, R14=0x000000000000001c, R15=0x000000001b5cd2f0
RIP=0x00000000519c83c0, EFLAGS=0x0000000000010202

Top of Stack: (sp=0x000000001b5aeb70)
0x000000001b5aeb70:   00000000002e103b 0000000000000001
0x000000001b5aeb80:   0000000000000000 000000001b5bd3b0
0x000000001b5aeb90:   0000000000000000 0000000000000100
0x000000001b5aeba0:   0000000000000000 000000000000000e
0x000000001b5aebb0:   0000000000000000 000000001b5cd2f0
0x000000001b5aebc0:   000000001b5ca5d0 000000000000000b
0x000000001b5aebd0:   0000000000000001 0000000000000000
0x000000001b5aebe0:   000000001b5c96d0 000000005163d800
0x000000001b5aebf0:   0000000000000000 0000000019c62200
0x000000001b5aec00:   0000000000000000 0000000000000000
0x000000001b5aec10:   0000000000000000 00000000000000f4
0x000000001b5aec20:   000000001b5ca5d0 0000000000000001
0x000000001b5aec30:   0000000000000000 000000001b5ca5c8
0x000000001b5aec40:   000000001b5cab50 000000001b5cab50
0x000000001b5aec50:   000000001b5cbc70 000000001b5cbc78
0x000000001b5aec60:   000000001b5cd2f0 00000000518074b5 

Instructions: (pc=0x00000000519c83c0)
0x00000000519c83a0:   84 fa 00 00 00 45 8b 65 18 45 85 e4 7e 71 66 90
0x00000000519c83b0:   49 8b 45 20 48 63 ce 48 8b 1c c8 48 85 db 74 53
0x00000000519c83c0:   48 8b 03 48 8b 7b 30 48 8b cb ff 50 20 48 85 c0
0x00000000519c83d0:   74 06 83 78 10 00 74 2c 48 8b c7 83 e0 07 48 83 


Register to memory mapping:

RAX=0x000000001b5ca170 is an unknown value
RBX=0x7f0000001b5bd420 is an unknown value
RCX=0x0000000000000001 is an unknown value
RDX=0x000000000000001d is an unknown value
RSP=0x000000001b5aeb70 is pointing into the stack for thread: 0x0000000019c54000
RBP=0x000000001b5aec70 is pointing into the stack for thread: 0x0000000019c54000
RSI=0x0000000000000001 is an unknown value
RDI=0x00000000002c501b is an unknown value
R8 =0x0000000000000000 is an unknown value
R9 =0x000000000000001d is an unknown value
R10=0x000000001b5c96d0 is an unknown value
R11=0x000000001b5c82b0 is an unknown value
R12=0x0000000000000005 is an unknown value
R13=0x000000001b5ca110 is an unknown value
R14=0x000000000000001c is an unknown value
R15=0x000000001b5cd2f0 is an unknown value


Stack: [0x000000001b4b0000,0x000000001b5b0000],  sp=0x000000001b5aeb70,  free space=1018k
Native frames: (J=compiled Java code, j=interpreted, Vv=VM code, C=native code)
V  [jvm.dll+0x4383c0]
V  [jvm.dll+0x4387a4]
V  [jvm.dll+0x416940]
V  [jvm.dll+0x416d10]
V  [jvm.dll+0x416e42]
V  [jvm.dll+0x417011]
V  [jvm.dll+0x41721f]
V  [jvm.dll+0xa6a62]
V  [jvm.dll+0xa73af]
V  [jvm.dll+0x2467ef]
V  [jvm.dll+0x29fd2a]
C  [msvcr100.dll+0x21d9f]
C  [msvcr100.dll+0x21e3b]
C  [KERNEL32.DLL+0x17034]
C  [ntdll.dll+0x4d0d1]


Current CompileTask:
C1:    178   17       3       java.lang.String::getChars (62 bytes)


---------------  P R O C E S S  ---------------

Java Threads: ( => current thread )
  0x000000001b5e8800 JavaThread "Service Thread" daemon [_thread_blocked, id=4804, stack(0x000000001b9b0000,0x000000001bab0000)]
=>0x0000000019c54000 JavaThread "C1 CompilerThread2" daemon [_thread_in_native, id=6276, stack(0x000000001b4b0000,0x000000001b5b0000)]
  0x0000000019c4f800 JavaThread "C2 CompilerThread1" daemon [_thread_blocked, id=7532, stack(0x000000001b3b0000,0x000000001b4b0000)]
  0x0000000019c4d000 JavaThread "C2 CompilerThread0" daemon [_thread_blocked, id=5532, stack(0x000000001b2b0000,0x000000001b3b0000)]
  0x0000000019c4b800 JavaThread "Attach Listener" daemon [_thread_blocked, id=4968, stack(0x000000001b1b0000,0x000000001b2b0000)]
  0x0000000019c4a800 JavaThread "Signal Dispatcher" daemon [_thread_blocked, id=1360, stack(0x000000001b0b0000,0x000000001b1b0000)]
  0x0000000002ac9000 JavaThread "Finalizer" daemon [_thread_blocked, id=5020, stack(0x000000001aea0000,0x000000001afa0000)]
  0x0000000019c2a000 JavaThread "Reference Handler" daemon [_thread_blocked, id=4284, stack(0x000000001ada0000,0x000000001aea0000)]
  0x00000000029d3800 JavaThread "main" [_thread_in_vm, id=2612, stack(0x0000000002840000,0x0000000002940000)]

Other Threads:
  0x0000000019c08000 VMThread [stack: 0x000000001aca0000,0x000000001ada0000] [id=9956]
  0x000000001b5e9000 WatcherThread [stack: 0x000000001bab0000,0x000000001bbb0000] [id=4304]

VM state:not at safepoint (normal execution)

VM Mutex/Monitor currently owned by a thread: None

heap address: 0x0000000700000000, size: 3072 MB, Compressed Oops mode: Zero based, Oop shift amount: 3
Narrow klass base: 0x0000000000000000, Narrow klass shift: 3
Compressed class space size: 1073741824 Address: 0x00000007c0000000

Heap:
 PSYoungGen      total 57344K, used 983K [0x0000000780000000, 0x0000000784000000, 0x00000007c0000000)
  eden space 49152K, 2% used [0x0000000780000000,0x00000007800f5c38,0x0000000783000000)
  from space 8192K, 0% used [0x0000000783800000,0x0000000783800000,0x0000000784000000)
  to   space 8192K, 0% used [0x0000000783000000,0x0000000783000000,0x0000000783800000)
 ParOldGen       total 131072K, used 0K [0x0000000700000000, 0x0000000708000000, 0x0000000780000000)
  object space 131072K, 0% used [0x0000000700000000,0x0000000700000000,0x0000000708000000)
 Metaspace       used 2596K, capacity 4480K, committed 4480K, reserved 1056768K
  class space    used 282K, capacity 384K, committed 384K, reserved 1048576K

Card table byte_map: [0x0000000011e90000,0x00000000124a0000] byte_map_base: 0x000000000e690000

Marking Bits: (ParMarkBitMap*) 0x0000000051dbbe30
 Begin Bits: [0x0000000012ca0000, 0x0000000015ca0000)
 End Bits:   [0x0000000015ca0000, 0x0000000018ca0000)

Polling page: 0x0000000000fa0000

CodeCache: size=245760Kb used=1092Kb max_used=1099Kb free=244667Kb
 bounds [0x0000000002ad0000, 0x0000000002d40000, 0x0000000011ad0000]
 total_blobs=250 nmethods=16 adapters=149
 compilation: enabled

Compilation events (10 events):
Event: 0.121 Thread 0x0000000019c54000   12       3       java.lang.AbstractStringBuilder::ensureCapacityInternal (27 bytes)
Event: 0.122 Thread 0x0000000019c54000 nmethod 12 0x0000000002bdfc50 code [0x0000000002bdfde0, 0x0000000002be0258]
Event: 0.122 Thread 0x0000000019c54000   13       3       java.lang.AbstractStringBuilder::append (29 bytes)
Event: 0.122 Thread 0x0000000019c54000 nmethod 13 0x0000000002bdf2d0 code [0x0000000002bdf480, 0x0000000002bdf9b8]
Event: 0.122 Thread 0x0000000019c54000   15       3       java.lang.StringBuilder::append (8 bytes)
Event: 0.123 Thread 0x0000000019c54000 nmethod 15 0x0000000002bde850 code [0x0000000002bdea00, 0x0000000002bdef98]
Event: 0.123 Thread 0x0000000019c54000   14       3       java.lang.Math::min (11 bytes)
Event: 0.123 Thread 0x0000000019c54000 nmethod 14 0x0000000002bde510 code [0x0000000002bde660, 0x0000000002bde7f0]
Event: 0.123 Thread 0x0000000019c54000   17       3       java.lang.String::getChars (62 bytes)
Event: 0.123 Thread 0x0000000019c4f800   18       4       java.lang.String::charAt (29 bytes)

GC Heap History (0 events):
No events

Deoptimization events (0 events):
No events

Classes redefined (0 events):
No events

Internal exceptions (2 events):
Event: 0.039 Thread 0x00000000029d3800 Exception <a 'java/lang/NoSuchMethodError': Method sun.misc.Unsafe.defineClass(Ljava/lang/String;[BII)Ljava/lang/Class; name or signature does not match> (0x0000000780007cc0) thrown at [C:\ade\jenkins\workspace\8-2-build-windows-amd64-cygwin\jdk8u241\331\
Event: 0.039 Thread 0x00000000029d3800 Exception <a 'java/lang/NoSuchMethodError': Method sun.misc.Unsafe.prefetchRead(Ljava/lang/Object;J)V name or signature does not match> (0x0000000780007fa8) thrown at [C:\ade\jenkins\workspace\8-2-build-windows-amd64-cygwin\jdk8u241\331\hotspot\src\share\

Events (10 events):
Event: 0.120 loading class sun/nio/cs/ThreadLocalCoders
Event: 0.120 loading class sun/nio/cs/ThreadLocalCoders done
Event: 0.120 loading class sun/nio/cs/ThreadLocalCoders$1
Event: 0.120 loading class sun/nio/cs/ThreadLocalCoders$Cache
Event: 0.121 loading class sun/nio/cs/ThreadLocalCoders$Cache done
Event: 0.121 loading class sun/nio/cs/ThreadLocalCoders$1 done
Event: 0.121 loading class sun/nio/cs/ThreadLocalCoders$2
Event: 0.121 loading class sun/nio/cs/ThreadLocalCoders$2 done
Event: 0.121 loading class sun/nio/cs/UTF_8$Decoder
Event: 0.121 loading class sun/nio/cs/UTF_8$Decoder done


Dynamic libraries:
0x00007ff7d4570000 - 0x00007ff7d45a7000 	C:\Program Files\Java\jdk1.8.0_241\bin\java.exe
0x00007ff9cc110000 - 0x00007ff9cc306000 	C:\Windows\SYSTEM32\ntdll.dll
0x00007ff9cb480000 - 0x00007ff9cb53d000 	C:\Windows\System32\KERNEL32.DLL
0x00007ff9c9850000 - 0x00007ff9c9b19000 	C:\Windows\System32\KERNELBASE.dll
0x00007ff9cb230000 - 0x00007ff9cb2dc000 	C:\Windows\System32\ADVAPI32.dll
0x00007ff9ca170000 - 0x00007ff9ca20e000 	C:\Windows\System32\msvcrt.dll
0x00007ff9cae00000 - 0x00007ff9cae9c000 	C:\Windows\System32\sechost.dll
0x00007ff9ca450000 - 0x00007ff9ca57b000 	C:\Windows\System32\RPCRT4.dll
0x00007ff9cb540000 - 0x00007ff9cb6e0000 	C:\Windows\System32\USER32.dll
0x00007ff9c9ba0000 - 0x00007ff9c9bc2000 	C:\Windows\System32\win32u.dll
0x00007ff9cb200000 - 0x00007ff9cb22a000 	C:\Windows\System32\GDI32.dll
0x00007ff9c9bd0000 - 0x00007ff9c9cd9000 	C:\Windows\System32\gdi32full.dll
0x00007ff9c9e40000 - 0x00007ff9c9edd000 	C:\Windows\System32\msvcp_win.dll
0x00007ff9ca070000 - 0x00007ff9ca170000 	C:\Windows\System32\ucrtbase.dll
0x00007ff9b1ba0000 - 0x00007ff9b1e3b000 	C:\Windows\WinSxS\amd64_microsoft.windows.common-controls_6595b64144ccf1df_6.0.19041.488_none_ca04af081b815d21\COMCTL32.dll
0x00007ff9ca3b0000 - 0x00007ff9ca3e0000 	C:\Windows\System32\IMM32.DLL
0x0000000051e40000 - 0x0000000051f12000 	C:\Program Files\Java\jdk1.8.0_241\jre\bin\msvcr100.dll
0x0000000051590000 - 0x0000000051e3c000 	C:\Program Files\Java\jdk1.8.0_241\jre\bin\server\jvm.dll
0x00007ff9cc0c0000 - 0x00007ff9cc0c8000 	C:\Windows\System32\PSAPI.DLL
0x00007ff9c5340000 - 0x00007ff9c5349000 	C:\Windows\SYSTEM32\WSOCK32.dll
0x00007ff9b2680000 - 0x00007ff9b26a7000 	C:\Windows\SYSTEM32\WINMM.dll
0x00007ff9c3ee0000 - 0x00007ff9c3eea000 	C:\Windows\SYSTEM32\VERSION.dll
0x00007ff9cad30000 - 0x00007ff9cad9b000 	C:\Windows\System32\WS2_32.dll
0x00007ff98c770000 - 0x00007ff98c77f000 	C:\Program Files\Java\jdk1.8.0_241\jre\bin\verify.dll
0x00007ff98c740000 - 0x00007ff98c769000 	C:\Program Files\Java\jdk1.8.0_241\jre\bin\java.dll
0x00007ff98c720000 - 0x00007ff98c736000 	C:\Program Files\Java\jdk1.8.0_241\jre\bin\zip.dll
0x00007ff9ca5e0000 - 0x00007ff9cad22000 	C:\Windows\System32\SHELL32.dll
0x00007ff9c79c0000 - 0x00007ff9c8155000 	C:\Windows\SYSTEM32\windows.storage.dll
0x00007ff9caea0000 - 0x00007ff9cb1f6000 	C:\Windows\System32\combase.dll
0x00007ff9c91f0000 - 0x00007ff9c921c000 	C:\Windows\SYSTEM32\Wldp.dll
0x00007ff9ca210000 - 0x00007ff9ca2be000 	C:\Windows\System32\SHCORE.dll
0x00007ff9ca580000 - 0x00007ff9ca5d5000 	C:\Windows\System32\shlwapi.dll
0x00007ff9c9780000 - 0x00007ff9c97a6000 	C:\Windows\SYSTEM32\profapi.dll
0x00007ff9b5070000 - 0x00007ff9b5254000 	C:\Windows\SYSTEM32\dbghelp.dll
0x00007ff9c9b20000 - 0x00007ff9c9ba0000 	C:\Windows\System32\bcryptPrimitives.dll

VM Arguments:
jvm_args: -Dcom.android.sdklib.toolsdir=C:\Users\1\AppData\Local\Android\Sdk\tools\bin\\.. 
java_command: com.android.sdklib.tool.sdkmanager.SdkManagerCli --list --verbose
java_class_path (initial): C:\Users\1\AppData\Local\Android\Sdk\tools\bin\..\lib\dvlib-26.0.0-dev.jar;C:\Users\1\AppData\Local\Android\Sdk\tools\bin\..\lib\jimfs-1.1.jar;C:\Users\1\AppData\Local\Android\Sdk\tools\bin\..\lib\jsr305-1.3.9.jar;C:\Users\1\AppData\Local\Android\Sdk\tools\bin\..\lib\repository-26.0.0-dev.jar;C:\Users\1\AppData\Local\Android\Sdk\tools\bin\..\lib\j2objc-annotations-1.1.jar;C:\Users\1\AppData\Local\Android\Sdk\tools\bin\..\lib\layoutlib-api-26.0.0-dev.jar;C:\Users\1\AppData\Local\Android\Sdk\tools\bin\..\lib\gson-2.3.jar;C:\Users\1\AppData\Local\Android\Sdk\tools\bin\..\lib\httpcore-4.2.5.jar;C:\Users\1\AppData\Local\Android\Sdk\tools\bin\..\lib\commons-logging-1.1.1.jar;C:\Users\1\AppData\Local\Android\Sdk\tools\bin\..\lib\commons-compress-1.12.jar;C:\Users\1\AppData\Local\Android\Sdk\tools\bin\..\lib\annotations-26.0.0-dev.jar;C:\Users\1\AppData\Local\Android\Sdk\tools\bin\..\lib\error_prone_annotations-2.0.18.jar;C:\Users\1\AppData\Local\Android\Sdk\tools\bin\..\lib\animal-sniffer-annotations-1.14.jar;C:\Users\1\AppData\Local\Android\Sdk\tools\bin\..\lib\httpclient-4.2.6.jar;C:\Users\1\AppData\Local\Android\Sdk\tools\bin\..\lib\commons-codec-1.6.jar;C:\Users\1\AppData\Local\Android\Sdk\tools\bin\..\lib\common-26.0.0-dev.jar;C:\Users\1\AppData\Local\Android\Sdk\tools\bin\..\lib\kxml2-2.3.0.jar;C:\Users\1\AppData\Local\Android\Sdk\tools\bin\..\lib\httpmime-4.1.jar;C:\Users\1\AppData\Local\Android\Sdk\tools\bin\..\lib\annotations-12.0.jar;C:\Users\1\AppData\Local\Android\Sdk\tools\bin\..\lib\sdklib-26.0.0-dev.jar;C:\Users\1\AppData\Local\Android\Sdk\tools\bin\..\lib\guava-22.0.jar
Launcher Type: SUN_STANDARD

Environment Variables:
JAVA_HOME=C:\Program Files\Java\jdk1.8.0_241
CLASSPATH=C:\Users\1\AppData\Local\Android\Sdk\tools\bin\..\lib\dvlib-26.0.0-dev.jar;C:\Users\1\AppData\Local\Android\Sdk\tools\bin\..\lib\jimfs-1.1.jar;C:\Users\1\AppData\Local\Android\Sdk\tools\bin\..\lib\jsr305-1.3.9.jar;C:\Users\1\AppData\Local\Android\Sdk\tools\bin\..\lib\repository-26.0.0-dev.jar;C:\Users\1\AppData\Local\Android\Sdk\tools\bin\..\lib\j2objc-annotations-1.1.jar;C:\Users\1\AppData\Local\Android\Sdk\tools\bin\..\lib\layoutlib-api-26.0.0-dev.jar;C:\Users\1\AppData\Local\Android\Sdk\tools\bin\..\lib\gson-2.3.jar;C:\Users\1\AppData\Local\Android\Sdk\tools\bin\..\lib\httpcore-4.2.5.jar;C:\Users\1\AppData\Local\Android\Sdk\tools\bin\..\lib\commons-logging-1.1.1.jar;C:\Users\1\AppData\Local\Android\Sdk\tools\bin\..\lib\commons-compress-1.12.jar;C:\Users\1\AppData\Local\Android\Sdk\tools\bin\..\lib\annotations-26.0.0-dev.jar;C:\Users\1\AppData\Local\Android\Sdk\tools\bin\..\lib\error_prone_annotations-2.0.18.jar;C:\Users\1\AppData\Local\Android\Sdk\tools\bin\..\lib\animal-sniffer-annotations-1.14.jar;C:\Users\1\AppData\Local\Android\Sdk\tools\bin\..\lib\httpclient-4.2.6.jar;C:\Users\1\AppData\Local\Android\Sdk\tools\bin\..\lib\commons-codec-1.6.jar;C:\Users\1\AppData\Local\Android\Sdk\tools\bin\..\lib\common-26.0.0-dev.jar;C:\Users\1\AppData\Local\Android\Sdk\tools\bin\..\lib\kxml2-2.3.0.jar;C:\Users\1\AppData\Local\Android\Sdk\tools\bin\..\lib\httpmime-4.1.jar;C:\Users\1\AppData\Local\Android\Sdk\tools\bin\..\lib\annotations-12.0.jar;C:\Users\1\AppData\Local\Android\Sdk\tools\bin\..\lib\sdklib-26.0.0-dev.jar;C:\Users\1\AppData\Local\Android\Sdk\tools\bin\..\lib\guava-22.0.jar
PATH=C:\Program Files\Common Files\Oracle\Java\javapath;C:\Program Files (x86)\Common Files\Oracle\Java\javapath;C:\Windows\system32;C:\Windows;C:\Windows\System32\Wbem;C:\Windows\System32\WindowsPowerShell\v1.0\;C:\Program Files\Git\cmd;C:\Program Files\nodejs\;C:\Users\1\Downloads\openssl-1.1.1t;C:\Program Files\TortoiseSVN\bin;C:\Program Files\Java\jdk-17.0.5\bin;C:\Program Files\PuTTY\;C:\Program Files (x86)\Windows Kits\10\Windows Performance Toolkit\;C:\Program Files\dotnet\;C:\Program Files\Microsoft SQL Server\130\Tools\Binn\;C:\Program Files\Microsoft SQL Server\Client SDK\ODBC\170\Tools\Binn\;C:\Program Files (x86)\GtkSharp\2.12\bin;C:\Users\1\Downloads\Compressed\OpenSSL-1.1.1h_win32;C:\Program Files (x86)\OpenSSL-Win32;C:\Program Files (x86)\OpenSSL-Win32\bin;C:\Program Files\OpenSSL-Win64\bin;C:\Program Files\Java\jdk1.8.0_241\bin;C:\Users\1\AppData\Local\Microsoft\WindowsApps;C:\Users\1\AppData\Roaming\npm;C:\Program Files\JetBrains\WebStorm 2020.1\bin;;C:\Users\1\AppData\Local\GitHubDesktop\bin;C:\Users\1\AppData\Local\Programs\Microsoft VS Code\bin;C:\Program Files\JetBrains\PyCharm 2022.2.4\bin;;C:\GCstudio\vscode\bin;C:\Program Files\JetBrains\CLion 2019.2.5\bin;;C:\Program Files\Java\jdk1.8.0_241\bin;C:\Program Files\JetBrains\IntelliJ IDEA Community Edition 2022.3.1\bin;;C:\Program Files\JetBrains\IntelliJ IDEA 2022.3.1\bin;;C:\Users\1\.dotnet\tools;C:\Program Files\JetBrains\JetBrains Rider 2022.3\bin;;C:\Program Files (x86)\OpenSSL-Win32\bin;C:\Program Files (x86)\OpenSSL-Win32;C:\Program Files\OpenSSL-Win64\bin;
USERNAME=1
OS=Windows_NT
PROCESSOR_IDENTIFIER=AMD64 Family 16 Model 10 Stepping 0, AuthenticAMD



---------------  S Y S T E M  ---------------

OS: Windows 10.0 , 64 bit Build 19041 (10.0.19041.662)

CPU:total 4 (initial active 4) (4 cores per cpu, 1 threads per core) family 16 model 10 stepping 0, cmov, cx8, fxsr, mmx, sse, sse2, sse3, popcnt, mmxext, 3dnowpref, lzcnt, sse4a, tsc, tscinvbit, tscinv

Memory: 4k page, physical 12580980k(7690804k free), swap 19396724k(13548704k free)

vm_info: Java HotSpot(TM) 64-Bit Server VM (25.241-b07) for windows-amd64 JRE (1.8.0_241-b07), built on Dec 11 2019 10:21:40 by "rejava" with MS VC++ 10.0 (VS2010)

time: Sun Feb 26 20:09:53 2023
timezone: RTZ 8 (зима)
elapsed time: 0 seconds (0d 0h 0m 0s)

